[ 2016-09-26T22:16:31+08:00 ] ::1 /ReadZone/style/style.css
ERR: 无法加载控制器:Style

[ 2016-09-26T22:16:31+08:00 ] ::1 /ReadZone/style/board.css
ERR: 无法加载控制器:Style

[ 2016-09-26T22:16:31+08:00 ] ::1 /ReadZone/style/reed.js
ERR: 无法加载控制器:Style

[ 2016-09-26T22:16:31+08:00 ] ::1 /ReadZone/style/jquery.min.js
ERR: 无法加载控制器:Style

[ 2016-09-26T22:30:59+08:00 ] ::1 /ReadZone/style/reed.js
ERR: 无法加载控制器:Style

[ 2016-09-26T22:32:14+08:00 ] ::1 /ReadZone/style/reed.js
ERR: 无法加载控制器:Style

[ 2016-09-26T22:41:32+08:00 ] ::1 /ReadZone/style/reed.js
ERR: 无法加载控制器:Style

[ 2016-09-26T22:41:33+08:00 ] ::1 /ReadZone/style/reed.js
ERR: 无法加载控制器:Style

[ 2016-09-26T22:54:15+08:00 ] ::1 /ReadZone/style/reed.js
ERR: 无法加载控制器:Style

[ 2016-09-26T22:54:19+08:00 ] ::1 /ReadZone/board.html
ERR: 无法加载控制器:Board

[ 2016-09-26T22:54:24+08:00 ] ::1 /ReadZone/board.html
ERR: 无法加载控制器:Board

