[ 2016-09-27T10:03:24+08:00 ] ::1 /ReadZone/style/reed.js
ERR: 无法加载控制器:Style

[ 2016-09-27T10:07:56+08:00 ] ::1 /ReadZone/style/reed.js
ERR: 无法加载控制器:Style

[ 2016-09-27T10:08:57+08:00 ] ::1 /ReadZone/board.html
ERR: 无法加载控制器:Board

[ 2016-09-27T10:16:04+08:00 ] ::1 /ReadZone/style/reed.js
ERR: 无法加载控制器:Style

[ 2016-09-27T10:17:00+08:00 ] ::1 /ReadZone/style/reed.js
ERR: 无法加载控制器:Style

[ 2016-09-27T10:17:43+08:00 ] ::1 /ReadZone/style/reed.js
ERR: 无法加载控制器:Style

[ 2016-09-27T10:17:43+08:00 ] ::1 /ReadZone/style/reed.js
ERR: 无法加载控制器:Style

[ 2016-09-27T10:38:46+08:00 ] ::1 /ReadZone/Home/style/board.css
ERR: 无法加载控制器:Style

[ 2016-09-27T10:38:46+08:00 ] ::1 /ReadZone/Home/style/post.js
ERR: 无法加载控制器:Style

[ 2016-09-27T10:38:46+08:00 ] ::1 /ReadZone/Home/style/reed.js
ERR: 无法加载控制器:Style

[ 2016-09-27T10:38:46+08:00 ] ::1 /ReadZone/Home/style/jquery.min.js
ERR: 无法加载控制器:Style

[ 2016-09-27T10:38:46+08:00 ] ::1 /ReadZone/Home/style/style.css
ERR: 无法加载控制器:Style

[ 2016-09-27T11:06:57+08:00 ] ::1 /ReadZone/Home/
ERR: XML标签语法错误

[ 2016-09-27T11:07:02+08:00 ] ::1 /ReadZone/
ERR: XML标签语法错误

[ 2016-09-27T11:23:39+08:00 ] ::1 /ReadZone/Home/Inde
ERR: 无法加载控制器:Inde

[ 2016-09-27T11:25:03+08:00 ] ::1 /ReadZone/Home/style/style.css
ERR: 无法加载控制器:Style

[ 2016-09-27T11:25:03+08:00 ] ::1 /ReadZone/Home/style/board.css
ERR: 无法加载控制器:Style

[ 2016-09-27T11:25:03+08:00 ] ::1 /ReadZone/Home/style/reed.js
ERR: 无法加载控制器:Style

